[    0.000000] Initializing cgroup subsys cpuset
[    0.000000] Initializing cgroup subsys cpu
[    0.000000] Initializing cgroup subsys cpuacct
[    0.000000] Linux version 4.4.0-210-generic (buildd@lgw01-amd64-009) (gcc version 5.4.0 20160609 (Ubuntu 5.4.0-6ubuntu1~16.04.12) ) #242-Ubuntu SMP Fri Apr 16 09:57:56 UTC 2021 (Ubuntu 4.4.0-210.242-generic 4.4.262)
[    0.000000] Command line: BOOT_IMAGE=/boot/vmlinuz-4.4.0-210-generic root=LABEL=cloudimg-rootfs ro console=tty1 console=ttyS0
[    0.000000] KERNEL supported cpus:
[    0.000000]   Intel GenuineIntel
[    0.000000]   AMD AuthenticAMD
[    0.000000]   Centaur CentaurHauls
[    0.000000] x86/fpu: xstate_offset[2]:  576, xstate_sizes[2]:  256
[    0.000000] x86/fpu: Supporting XSAVE feature 0x01: 'x87 floating point registers'
[    0.000000] x86/fpu: Supporting XSAVE feature 0x02: 'SSE registers'
[    0.000000] x86/fpu: Supporting XSAVE feature 0x04: 'AVX registers'
[    0.000000] x86/fpu: Enabled xstate features 0x7, context size is 832 bytes, using 'standard' format.
[    0.000000] e820: BIOS-provided physical RAM map:
[    0.000000] BIOS-e820: [mem 0x0000000000000000-0x000000000009fbff] usable
[    0.000000] BIOS-e820: [mem 0x000000000009fc00-0x000000000009ffff] reserved
[    0.000000] BIOS-e820: [mem 0x00000000000f0000-0x00000000000fffff] reserved
[    0.000000] BIOS-e820: [mem 0x0000000000100000-0x000000003ffeffff] usable
[    0.000000] BIOS-e820: [mem 0x000000003fff0000-0x000000003fffffff] ACPI data
[    0.000000] BIOS-e820: [mem 0x00000000fec00000-0x00000000fec00fff] reserved
[    0.000000] BIOS-e820: [mem 0x00000000fee00000-0x00000000fee00fff] reserved
[    0.000000] BIOS-e820: [mem 0x00000000fffc0000-0x00000000ffffffff] reserved
[    0.000000] NX (Execute Disable) protection: active
[    0.000000] SMBIOS 2.5 present.
[    0.000000] Hypervisor detected: KVM
[    0.000000] Kernel/User page tables isolation: disabled
[    0.000000] e820: last_pfn = 0x3fff0 max_arch_pfn = 0x400000000
[    0.000000] MTRR: Disabled
[    0.000000] x86/PAT: MTRRs disabled, skipping PAT initialization too.
[    0.000000] CPU MTRRs all blank - virtualized system.
[    0.000000] x86/PAT: Configuration [0-7]: WB  WT  UC- UC  WB  WT  UC- UC  
[    0.000000] found SMP MP-table at [mem 0x0009fff0-0x0009ffff] mapped at [ffff88000009fff0]
[    0.000000] Scanning 1 areas for low memory corruption
[    0.000000] RAMDISK: [mem 0x362dc000-0x37165fff]
[    0.000000] ACPI: Early table checksum verification disabled
[    0.000000] ACPI: RSDP 0x00000000000E0000 000024 (v02 VBOX  )
[    0.000000] ACPI: XSDT 0x000000003FFF0030 00003C (v01 VBOX   VBOXXSDT 00000001 ASL  00000061)
[    0.000000] ACPI: FACP 0x000000003FFF00F0 0000F4 (v04 VBOX   VBOXFACP 00000001 ASL  00000061)
[    0.000000] ACPI: DSDT 0x000000003FFF0470 002325 (v02 VBOX   VBOXBIOS 00000002 INTL 20100528)
[    0.000000] ACPI: FACS 0x000000003FFF0200 000040
[    0.000000] ACPI: FACS 0x000000003FFF0200 000040
[    0.000000] ACPI: APIC 0x000000003FFF0240 00005C (v02 VBOX   VBOXAPIC 00000001 ASL  00000061)
[    0.000000] ACPI: SSDT 0x000000003FFF02A0 0001CC (v01 VBOX   VBOXCPUT 00000002 INTL 20100528)
[    0.000000] No NUMA configuration found
[    0.000000] Faking a node at [mem 0x0000000000000000-0x000000003ffeffff]
[    0.000000] NODE_DATA(0) allocated [mem 0x3ffeb000-0x3ffeffff]
[    0.000000] kvm-clock: Using msrs 4b564d01 and 4b564d00
[    0.000000] kvm-clock: cpu 0, msr 0:3ffe3001, primary cpu clock
[    0.000000] kvm-clock: using sched offset of 3460546016 cycles
[    0.000000] clocksource: kvm-clock: mask: 0xffffffffffffffff max_cycles: 0x1cd42e4dffb, max_idle_ns: 881590591483 ns
[    0.000000] Zone ranges:
[    0.000000]   DMA      [mem 0x0000000000001000-0x0000000000ffffff]
[    0.000000]   DMA32    [mem 0x0000000001000000-0x000000003ffeffff]
[    0.000000]   Normal   empty
[    0.000000]   Device   empty
[    0.000000] Movable zone start for each node
[    0.000000] Early memory node ranges
[    0.000000]   node   0: [mem 0x0000000000001000-0x000000000009efff]
[    0.000000]   node   0: [mem 0x0000000000100000-0x000000003ffeffff]
[    0.000000] Initmem setup node 0 [mem 0x0000000000001000-0x000000003ffeffff]
[    0.000000] ACPI: PM-Timer IO Port: 0x4008
[    0.000000] IOAPIC[0]: apic_id 2, version 32, address 0xfec00000, GSI 0-23
[    0.000000] ACPI: INT_SRC_OVR (bus 0 bus_irq 0 global_irq 2 dfl dfl)
[    0.000000] ACPI: INT_SRC_OVR (bus 0 bus_irq 9 global_irq 9 low level)
[    0.000000] Using ACPI (MADT) for SMP configuration information
[    0.000000] smpboot: Allowing 2 CPUs, 0 hotplug CPUs
[    0.000000] PM: Registered nosave memory: [mem 0x00000000-0x00000fff]
[    0.000000] PM: Registered nosave memory: [mem 0x0009f000-0x0009ffff]
[    0.000000] PM: Registered nosave memory: [mem 0x000a0000-0x000effff]
[    0.000000] PM: Registered nosave memory: [mem 0x000f0000-0x000fffff]
[    0.000000] e820: [mem 0x40000000-0xfebfffff] available for PCI devices
[    0.000000] Booting paravirtualized kernel on KVM
[    0.000000] clocksource: refined-jiffies: mask: 0xffffffff max_cycles: 0xffffffff, max_idle_ns: 7645519600211568 ns
[    0.000000] setup_percpu: NR_CPUS:512 nr_cpumask_bits:512 nr_cpu_ids:2 nr_node_ids:1
[    0.000000] PERCPU: Embedded 33 pages/cpu @ffff88003fc00000 s95192 r8192 d31784 u1048576
[    0.000000] Built 1 zonelists in Node order, mobility grouping on.  Total pages: 257912
[    0.000000] Policy zone: DMA32
[    0.000000] Kernel command line: BOOT_IMAGE=/boot/vmlinuz-4.4.0-210-generic root=LABEL=cloudimg-rootfs ro console=tty1 console=ttyS0
[    0.000000] PID hash table entries: 4096 (order: 3, 32768 bytes)
[    0.000000] Memory: 997792K/1048120K available (8644K kernel code, 1332K rwdata, 4044K rodata, 1492K init, 1164K bss, 50328K reserved, 0K cma-reserved)
[    0.000000] SLUB: HWalign=64, Order=0-3, MinObjects=0, CPUs=2, Nodes=1
[    0.000000] Hierarchical RCU implementation.
[    0.000000] 	Build-time adjustment of leaf fanout to 64.
[    0.000000] 	RCU restricting CPUs from NR_CPUS=512 to nr_cpu_ids=2.
[    0.000000] RCU: Adjusting geometry for rcu_fanout_leaf=64, nr_cpu_ids=2
[    0.000000] NR_IRQS:33024 nr_irqs:440 16
[    0.000000] Console: colour VGA+ 80x25
[    0.000000] console [tty1] enabled
[    0.000000] console [ttyS0] enabled
[    0.000000] tsc: Detected 1190.388 MHz processor
[    0.157875] Calibrating delay loop (skipped) preset value.. 2380.77 BogoMIPS (lpj=4761552)
[    0.159602] pid_max: default: 32768 minimum: 301
[    0.160625] ACPI: Core revision 20150930
[    0.162424] ACPI: 2 ACPI AML tables successfully acquired and loaded
[    0.163763] Security Framework initialized
[    0.164576] Yama: becoming mindful.
[    0.165388] AppArmor: AppArmor initialized
[    0.166281] Dentry cache hash table entries: 131072 (order: 8, 1048576 bytes)
[    0.167673] Inode-cache hash table entries: 65536 (order: 7, 524288 bytes)
[    0.172353] Mount-cache hash table entries: 2048 (order: 2, 16384 bytes)
[    0.173551] Mountpoint-cache hash table entries: 2048 (order: 2, 16384 bytes)
[    0.174901] Initializing cgroup subsys io
[    0.175743] Initializing cgroup subsys memory
[    0.176692] Initializing cgroup subsys devices
[    0.177560] Initializing cgroup subsys freezer
[    0.178416] Initializing cgroup subsys net_cls
[    0.179282] Initializing cgroup subsys perf_event
[    0.180139] Initializing cgroup subsys net_prio
[    0.181001] Initializing cgroup subsys hugetlb
[    0.181861] Initializing cgroup subsys pids
[    0.186343] mce: CPU supports 0 MCE banks
[    0.187130] Last level iTLB entries: 4KB 0, 2MB 0, 4MB 0
[    0.188042] Last level dTLB entries: 4KB 0, 2MB 0, 4MB 0, 1GB 0
[    0.189067] Spectre V1 : Mitigation: usercopy/swapgs barriers and __user pointer sanitization
[    0.190571] Spectre V2 : Mitigation: Full generic retpoline
[    0.191537] Spectre V2 : Spectre v2 / SpectreRSB mitigation: Filling RSB on context switch
[    0.193441] Speculative Store Bypass: Vulnerable
[    0.197029] Freeing SMP alternatives memory: 36K
[    0.204288] ftrace: allocating 32380 entries in 127 pages
[    0.274675] smpboot: APIC(0) Converting physical 0 to logical package 0
[    0.276090] smpboot: Max logical packages: 1
[    0.277354] x2apic enabled
[    0.278220] Switched APIC routing to physical x2apic.
[    0.280256] ..TIMER: vector=0x30 apic1=0 pin1=2 apic2=-1 pin2=-1
[    0.389428] smpboot: CPU0: Intel(R) Core(TM) i5-1035G1 CPU @ 1.00GHz (family: 0x6, model: 0x7e, stepping: 0x5)
[    0.391853] Performance Events: unsupported p6 CPU model 126 no PMU driver, software events only.
[    0.403410] KVM setup paravirtual spinlock
[    0.404907] x86: Booting SMP configuration:
[    0.405763] .... node  #0, CPUs:      #1
[    0.406601] kvm-clock: cpu 1, msr 0:3ffe3041, secondary cpu clock
[    0.411493] mce: CPU supports 0 MCE banks
[    0.414283] x86: Booted up 1 node, 2 CPUs
[    0.415264] smpboot: Total of 2 processors activated (4761.55 BogoMIPS)
[    0.416597] devtmpfs: initialized
[    0.418322] evm: security.selinux
[    0.419105] evm: security.SMACK64
[    0.419751] evm: security.SMACK64EXEC
[    0.420413] evm: security.SMACK64TRANSMUTE
[    0.421231] evm: security.SMACK64MMAP
[    0.421919] evm: security.ima
[    0.422537] evm: security.capability
[    0.423454] clocksource: jiffies: mask: 0xffffffff max_cycles: 0xffffffff, max_idle_ns: 7645041785100000 ns
[    0.425310] futex hash table entries: 512 (order: 3, 32768 bytes)
[    0.426886] pinctrl core: initialized pinctrl subsystem
[    0.428042] RTC time: 10:26:39, date: 05/26/22
[    0.433534] NET: Registered protocol family 16
[    0.448611] cpuidle: using governor ladder
[    0.462647] cpuidle: using governor menu
[    0.463643] PCCT header not found.
[    0.464445] ACPI: bus type PCI registered
[    0.465134] acpiphp: ACPI Hot Plug PCI Controller Driver version: 0.5
[    0.466383] PCI: Using configuration type 1 for base access
[    0.479592] ACPI: Added _OSI(Module Device)
[    0.480468] ACPI: Added _OSI(Processor Device)
[    0.481222] ACPI: Added _OSI(3.0 _SCP Extensions)
[    0.482027] ACPI: Added _OSI(Processor Aggregator Device)
[    0.483650] ACPI: Executed 1 blocks of module-level executable AML code
[    0.486856] ACPI: Interpreter enabled
[    0.487652] ACPI: (supports S0 S5)
[    0.488275] ACPI: Using IOAPIC for interrupt routing
[    0.489219] PCI: Using host bridge windows from ACPI; if necessary, use "pci=nocrs" and report a bug
[    0.494239] ACPI: PCI Root Bridge [PCI0] (domain 0000 [bus 00-ff])
[    0.495208] acpi PNP0A03:00: _OSC: OS supports [ASPM ClockPM Segments MSI]
[    0.496599] acpi PNP0A03:00: _OSC: not requesting OS control; OS requires [ExtendedConfig ASPM ClockPM MSI]
[    0.498190] acpi PNP0A03:00: fail to add MMCONFIG information, can't access extended PCI configuration space under this bridge.
[    0.501984] PCI host bridge to bus 0000:00
[    0.502929] pci_bus 0000:00: root bus resource [io  0x0000-0x0cf7 window]
[    0.504105] pci_bus 0000:00: root bus resource [io  0x0d00-0xffff window]
[    0.505347] pci_bus 0000:00: root bus resource [mem 0x000a0000-0x000bffff window]
[    0.507192] pci_bus 0000:00: root bus resource [mem 0x40000000-0xfdffffff window]
[    0.509079] pci_bus 0000:00: root bus resource [bus 00-ff]
[    0.512088] pci 0000:00:01.1: legacy IDE quirk: reg 0x10: [io  0x01f0-0x01f7]
[    0.513287] pci 0000:00:01.1: legacy IDE quirk: reg 0x14: [io  0x03f6]
[    0.514399] pci 0000:00:01.1: legacy IDE quirk: reg 0x18: [io  0x0170-0x0177]
[    0.515786] pci 0000:00:01.1: legacy IDE quirk: reg 0x1c: [io  0x0376]
[    0.530226] pci 0000:00:07.0: quirk: [io  0x4000-0x403f] claimed by PIIX4 ACPI
[    0.541820] pci 0000:00:07.0: quirk: [io  0x4100-0x410f] claimed by PIIX4 SMB
[    0.552795] ACPI: PCI Interrupt Link [LNKA] (IRQs 5 9 10 *11)
[    0.554791] ACPI: PCI Interrupt Link [LNKB] (IRQs 5 9 *10 11)
[    0.556258] ACPI: PCI Interrupt Link [LNKC] (IRQs 5 *9 10 11)
[    0.557839] ACPI: PCI Interrupt Link [LNKD] (IRQs 5 9 10 *11)
[    0.559738] ACPI: Enabled 2 GPEs in block 00 to 07
[    0.561136] vgaarb: setting as boot device: PCI:0000:00:02.0
[    0.562270] vgaarb: device added: PCI:0000:00:02.0,decodes=io+mem,owns=io+mem,locks=none
[    0.563966] vgaarb: loaded
[    0.564621] vgaarb: bridge control possible 0000:00:02.0
[    0.565967] SCSI subsystem initialized
[    0.566902] ACPI: bus type USB registered
[    0.567877] usbcore: registered new interface driver usbfs
[    0.568931] usbcore: registered new interface driver hub
[    0.569985] usbcore: registered new device driver usb
[    0.571242] PCI: Using ACPI for IRQ routing
[    0.572371] NetLabel: Initializing
[    0.573241] NetLabel:  domain hash size = 128
[    0.574145] NetLabel:  protocols = UNLABELED CIPSOv4
[    0.575339] NetLabel:  unlabeled traffic allowed by default
[    0.576528] amd_nb: Cannot enumerate AMD northbridges
[    0.577529] clocksource: Switched to clocksource kvm-clock
[    0.589245] AppArmor: AppArmor Filesystem Enabled
[    0.590308] pnp: PnP ACPI init
[    0.591714] pnp: PnP ACPI: found 3 devices
[    0.601618] clocksource: acpi_pm: mask: 0xffffff max_cycles: 0xffffff, max_idle_ns: 2085701024 ns
[    0.603877] NET: Registered protocol family 2
[    0.604946] TCP established hash table entries: 8192 (order: 4, 65536 bytes)
[    0.606232] TCP bind hash table entries: 8192 (order: 5, 131072 bytes)
[    0.607408] TCP: Hash tables configured (established 8192 bind 8192)
[    0.608554] UDP hash table entries: 512 (order: 2, 16384 bytes)
[    0.609685] UDP-Lite hash table entries: 512 (order: 2, 16384 bytes)
[    0.613854] NET: Registered protocol family 1
[    0.614857] pci 0000:00:00.0: Limiting direct PCI/PCI transfers
[    0.616017] pci 0000:00:01.0: Activating ISA DMA hang workarounds
[    0.618120] Unpacking initramfs...
[    0.879042] Freeing initrd memory: 14888K
[    0.879965] clocksource: tsc: mask: 0xffffffffffffffff max_cycles: 0x1128a3954b3, max_idle_ns: 440795243915 ns
[    0.881792] platform rtc_cmos: registered platform RTC device (no PNP device found)
[    0.883422] Scanning for low memory corruption every 60 seconds
[    0.884740] audit: initializing netlink subsys (disabled)
[    0.885715] audit: type=2000 audit(1653560804.742:1): initialized
[    0.887077] Initialise system trusted keyring
[    0.888035] HugeTLB registered 2 MB page size, pre-allocated 0 pages
[    0.890133] zbud: loaded
[    0.891133] VFS: Disk quotas dquot_6.6.0
[    0.891926] VFS: Dquot-cache hash table entries: 512 (order 0, 4096 bytes)
[    0.893338] squashfs: version 4.0 (2009/01/31) Phillip Lougher
[    0.894936] fuse init (API version 7.23)
[    0.895870] Key type big_key registered
[    0.896652] Allocating IMA MOK and blacklist keyrings.
[    0.901039] Key type asymmetric registered
[    0.901866] Asymmetric key parser 'x509' registered
[    0.902787] Block layer SCSI generic (bsg) driver version 0.4 loaded (major 249)
[    0.904206] io scheduler noop registered
[    0.904999] io scheduler deadline registered (default)
[    0.906021] io scheduler cfq registered
[    0.906885] pci_hotplug: PCI Hot Plug PCI Core version: 0.5
[    0.907867] pciehp: PCI Express Hot Plug Controller Driver version: 0.4
[    0.909141] ACPI: AC Adapter [AC] (on-line)
[    0.910021] input: Power Button as /devices/LNXSYSTM:00/LNXPWRBN:00/input/input0
[    0.911404] ACPI: Power Button [PWRF]
[    0.912188] input: Sleep Button as /devices/LNXSYSTM:00/LNXSLPBN:00/input/input1
[    0.913639] ACPI: Sleep Button [SLPF]
[    0.914549] GHES: HEST is not enabled!
[    0.915889] ACPI: Battery Slot [BAT0] (battery present)
[    0.916888] Serial: 8250/16550 driver, 32 ports, IRQ sharing enabled
[    0.938624] 00:02: ttyS0 at I/O 0x3f8 (irq = 4, base_baud = 115200) is a 16550A
[    0.940905] Linux agpgart interface v0.103
[    0.943396] loop: module loaded
[    0.945035] scsi host0: ata_piix
[    0.946026] scsi host1: ata_piix
[    0.947271] ata1: PATA max UDMA/33 cmd 0x1f0 ctl 0x3f6 bmdma 0xd000 irq 14
[    0.948737] ata2: PATA max UDMA/33 cmd 0x170 ctl 0x376 bmdma 0xd008 irq 15
[    0.950265] libphy: Fixed MDIO Bus: probed
[    0.951134] tun: Universal TUN/TAP device driver, 1.6
[    0.952105] tun: (C) 1999-2004 Max Krasnyansky <maxk@qualcomm.com>
[    0.953683] PPP generic driver version 2.4.2
[    0.954878] ehci_hcd: USB 2.0 'Enhanced' Host Controller (EHCI) Driver
[    0.956372] ehci-pci: EHCI PCI platform driver
[    0.957300] ehci-platform: EHCI generic platform driver
[    0.958352] ohci_hcd: USB 1.1 'Open' Host Controller (OHCI) Driver
[    0.959548] ohci-pci: OHCI PCI platform driver
[    0.960463] ohci-platform: OHCI generic platform driver
[    0.961542] uhci_hcd: USB Universal Host Controller Interface driver
[    0.962882] i8042: PNP: PS/2 Controller [PNP0303:PS2K,PNP0f03:PS2M] at 0x60,0x64 irq 1,12
[    0.965022] serio: i8042 KBD port at 0x60,0x64 irq 1
[    0.966173] serio: i8042 AUX port at 0x60,0x64 irq 12
[    0.967289] mousedev: PS/2 mouse device common for all mice
[    0.968942] input: AT Translated Set 2 keyboard as /devices/platform/i8042/serio0/input/input2
[    0.970690] rtc_cmos rtc_cmos: rtc core: registered rtc_cmos as rtc0
[    0.972024] rtc_cmos rtc_cmos: alarms up to one day, 114 bytes nvram
[    0.973538] i2c /dev entries driver
[    0.974411] device-mapper: uevent: version 1.0.3
[    0.975354] device-mapper: ioctl: 4.34.0-ioctl (2015-10-28) initialised: dm-devel@redhat.com
[    0.977061] ledtrig-cpu: registered to indicate activity on CPUs
[    0.978521] NET: Registered protocol family 10
[    0.979606] NET: Registered protocol family 17
[    0.980553] Key type dns_resolver registered
[    0.981662] registered taskstats version 1
[    0.982519] Loading compiled-in X.509 certificates
[    0.983903] Loaded X.509 cert 'Build time autogenerated kernel key: cf00e047681d67edb2720680708b7d9498083038'
[    0.985833] zswap: loaded using pool lzo/zbud
[    0.988809] Key type trusted registered
[    0.992533] Key type encrypted registered
[    0.993301] AppArmor: AppArmor sha1 policy hashing enabled
[    0.994309] ima: No TPM chip found, activating TPM-bypass!
[    0.995288] ima: Allocated hash algorithm: sha1
[    0.996135] evm: HMAC attrs: 0x1
[    0.997121]   Magic number: 6:382:427
[    0.997961] rtc_cmos rtc_cmos: setting system clock to 2022-05-26 10:26:40 UTC (1653560800)
[    0.999521] BIOS EDD facility v0.16 2004-Jun-25, 0 devices found
[    1.000587] EDD information not available.
[    1.554662] Freeing unused kernel memory: 1492K
[    1.555772] Write protecting the kernel read-only data: 14336k
[    1.557355] Freeing unused kernel memory: 1584K
[    1.558508] Freeing unused kernel memory: 52K
Loading, please wait...
starting version 229
[    1.569380] random: systemd-udevd: uninitialized urandom read (16 bytes read, 3 bits of entropy available)
[    1.570083] random: udevadm: uninitialized urandom read (16 bytes read, 3 bits of entropy available)
[    1.570104] random: udevadm: uninitialized urandom read (16 bytes read, 3 bits of entropy available)
[    1.576202] random: systemd-udevd: uninitialized urandom read (16 bytes read, 3 bits of entropy available)
[    1.578357] random: systemd-udevd: uninitialized urandom read (16 bytes read, 3 bits of entropy available)
[    1.578993] random: udevadm: uninitialized urandom read (16 bytes read, 3 bits of entropy available)
[    1.579039] random: udevadm: uninitialized urandom read (16 bytes read, 3 bits of entropy available)
[    1.579172] random: udevadm: uninitialized urandom read (16 bytes read, 3 bits of entropy available)
[    1.579221] random: udevadm: uninitialized urandom read (16 bytes read, 3 bits of entropy available)
[    1.579268] random: udevadm: uninitialized urandom read (16 bytes read, 3 bits of entropy available)
[    1.627525] e1000: Intel(R) PRO/1000 Network Driver - version 7.3.21-k8-NAPI
[    1.628884] e1000: Copyright (c) 1999-2006 Intel Corporation.
[    1.636962] Fusion MPT base driver 3.04.20
[    1.638125] Copyright (c) 1999-2008 LSI Corporation
[    1.654395] Fusion MPT SPI Host driver 3.04.20
[    1.660367] AVX2 version of gcm_enc/dec engaged.
[    1.662299] AES CTR mode by8 optimization enabled
[    1.870011] input: ImExPS/2 Generic Explorer Mouse as /devices/platform/i8042/serio1/input/input4
[    2.556585] e1000 0000:00:03.0 eth0: (PCI:33MHz:32-bit) 02:be:82:6b:cc:1d
[    2.558933] e1000 0000:00:03.0 eth0: Intel(R) PRO/1000 Network Connection
[    3.553386] e1000 0000:00:08.0 eth1: (PCI:33MHz:32-bit) 08:00:27:47:41:25
[    3.554787] e1000 0000:00:08.0 eth1: Intel(R) PRO/1000 Network Connection
[    4.014282] e1000 0000:00:09.0 eth2: (PCI:33MHz:32-bit) 08:00:27:7e:57:17
[    4.015506] e1000 0000:00:09.0 eth2: Intel(R) PRO/1000 Network Connection
[    4.017743] mptbase: ioc0: Initiating bringup
[    4.017996] e1000 0000:00:03.0 enp0s3: renamed from eth0
[    4.034158] e1000 0000:00:09.0 enp0s9: renamed from eth2
[    4.046595] e1000 0000:00:08.0 enp0s8: renamed from eth1
[    4.098584] ioc0: LSI53C1030 A0: Capabilities={Initiator}
[    4.258937] scsi host2: ioc0: LSI53C1030 A0, FwRev=00000000h, Ports=1, MaxQ=256, IRQ=20
[    4.370962] scsi 2:0:0:0: Direct-Access     VBOX     HARDDISK         1.0  PQ: 0 ANSI: 5
[    4.374130] scsi target2:0:0: Beginning Domain Validation
[    4.376769] scsi target2:0:0: Domain Validation skipping write tests
[    4.378697] scsi target2:0:0: Ending Domain Validation
[    4.380480] scsi target2:0:0: asynchronous
[    4.382078] scsi 2:0:1:0: Direct-Access     VBOX     HARDDISK         1.0  PQ: 0 ANSI: 5
[    4.402356] scsi target2:0:1: Beginning Domain Validation
[    4.405460] scsi target2:0:1: Domain Validation skipping write tests
[    4.407614] scsi target2:0:1: Ending Domain Validation
[    4.409450] scsi target2:0:1: asynchronous
[    4.417873] sd 2:0:0:0: [sda] 83886080 512-byte logical blocks: (42.9 GB/40.0 GiB)
[    4.420682] sd 2:0:0:0: Attached scsi generic sg0 type 0
[    4.423174] sd 2:0:1:0: [sdb] 20480 512-byte logical blocks: (10.5 MB/10.0 MiB)
[    4.426072] sd 2:0:1:0: [sdb] Write Protect is off
[    4.426194] sd 2:0:1:0: Attached scsi generic sg1 type 0
[    4.429802] sd 2:0:0:0: [sda] Write Protect is off
[    4.430060] sd 2:0:1:0: [sdb] Incomplete mode parameter data
[    4.430063] sd 2:0:1:0: [sdb] Assuming drive cache: write through
[    4.434625] sd 2:0:0:0: [sda] Incomplete mode parameter data
[    4.436112] sd 2:0:0:0: [sda] Assuming drive cache: write through
[    4.442682]  sda: sda1
[    4.444405] sd 2:0:0:0: [sda] Attached SCSI disk
[    4.444777] sd 2:0:1:0: [sdb] Attached SCSI disk
Begin: Loading essential drivers ... [    5.784998] md: linear personality registered for level -1
[    5.789016] md: multipath personality registered for level -4
[    5.792900] md: raid0 personality registered for level 0
[    5.797470] md: raid1 personality registered for level 1
[    5.869642] raid6: sse2x1   gen()  8924 MB/s
[    5.937556] raid6: sse2x1   xor()  6485 MB/s
[    6.005655] raid6: sse2x2   gen() 10477 MB/s
[    6.073635] raid6: sse2x2   xor()  8750 MB/s
[    6.141656] raid6: sse2x4   gen() 13649 MB/s
[    6.209624] raid6: sse2x4   xor()  8816 MB/s
[    6.277647] raid6: avx2x1   gen() 14818 MB/s
[    6.345642] raid6: avx2x2   gen() 18661 MB/s
[    6.413601] raid6: avx2x4   gen() 20424 MB/s
[    6.415025] raid6: using algorithm avx2x4 gen() 20424 MB/s
[    6.416712] raid6: using avx2x2 recovery algorithm
[    6.419536] xor: automatically using best checksumming function:
[    6.457577]    avx       : 22850.000 MB/sec
[    6.459915] async_tx: api initialized (async)
[    6.469580] md: raid6 personality registered for level 6
[    6.471561] md: raid5 personality registered for level 5
[    6.472880] md: raid4 personality registered for level 4
[    6.479517] md: raid10 personality registered for level 10
done.
Begin: Running /scripts/init-premount ... done.
Begin: Mounting root file system ... Begin: Running /scripts/local-top ... done.
Begin: Running /scripts/local-premount ... [    6.511994] Btrfs loaded
Scanning for Btrfs filesystems
done.
Warning: fsck not present, so skipping root file system
[    6.536876] EXT4-fs (sda1): mounted filesystem with ordered data mode. Opts: (null)
done.
Begin: Running /scripts/local-bottom ... done.
Begin: Running /scripts/init-bottom ... done.
[    6.607266] systemd[1]: systemd 229 running in system mode. (+PAM +AUDIT +SELINUX +IMA +APPARMOR +SMACK +SYSVINIT +UTMP +LIBCRYPTSETUP +GCRYPT +GNUTLS +ACL +XZ -LZ4 +SECCOMP +BLKID +ELFUTILS +KMOD -IDN)
[    6.610325] systemd[1]: Detected virtualization oracle.
[    6.611244] systemd[1]: Detected architecture x86-64.

Welcome to [1mUbuntu 16.04.7 LTS[0m!

[    6.614379] systemd[1]: Set hostname to <ubuntu>.
[    6.617363] systemd[1]: Initializing machine ID from random generator.
[    6.618791] systemd[1]: Installed transient /etc/machine-id file.
[    6.712467] systemd[1]: Listening on Syslog Socket.
[[0;32m  OK  [0m] Listening on Syslog Socket.
[    6.714213] systemd[1]: Listening on /dev/initctl Compatibility Named Pipe.
[[0;32m  OK  [0m] Listening on /dev/initctl Compatibility Named Pipe.
[    6.716169] systemd[1]: Reached target Swap.
[[0;32m  OK  [0m] Reached target Swap.
[    6.717620] systemd[1]: Started Forward Password Requests to Wall Directory Watch.
[[0;32m  OK  [0m] Started Forward Password Requests to Wall Directory Watch.
[    6.720033] systemd[1]: Reached target System Time Synchronized.
[[0;32m  OK  [0m] Reached target System Time Synchronized.
[    6.722045] systemd[1]: Listening on Journal Socket (/dev/log).
[[0;32m  OK  [0m] Listening on Journal Socket (/dev/log).
[    6.723909] systemd[1]: Reached target User and Group Name Lookups.
[[0;32m  OK  [0m] Reached target User and Group Name Lookups.
[    6.725910] systemd[1]: Listening on Journal Socket.
[[0;32m  OK  [0m] Listening on Journal Socket.
[    6.727607] systemd[1]: Listening on Device-mapper event daemon FIFOs.
[[0;32m  OK  [0m] Listening on Device-mapper event daemon FIFOs.
[    6.729832] systemd[1]: Listening on Journal Audit Socket.
[[0;32m  OK  [0m] Listening on Journal Audit Socket.
[    6.731694] systemd[1]: Listening on LVM2 metadata daemon socket.
[[0;32m  OK  [0m] Listening on LVM2 metadata daemon socket.
[    6.733802] systemd[1]: Listening on udev Control Socket.
[[0;32m  OK  [0m] Listening on udev Control Socket.
[    6.735866] systemd[1]: Created slice User and Session Slice.
[[0;32m  OK  [0m] Created slice User and Session Slice.
[    6.738138] systemd[1]: Listening on udev Kernel Socket.
[[0;32m  OK  [0m] Listening on udev Kernel Socket.
[    6.740272] systemd[1]: Created slice System Slice.
[[0;32m  OK  [0m] Created slice System Slice.
[    6.757612] systemd[1]: Mounting Debug File System...
         Mounting Debug File System...
[    6.760609] systemd[1]: Starting Journal Service...
         Starting Journal Service...
[    6.763101] systemd[1]: Starting Monitoring of LVM2 mirrors, snapshots etc. using dmeventd or progress polling...
         Starting Monitoring of LVM2 mirrors... dmeventd or progress polling...
[    6.769106] systemd[1]: Starting Load Kernel Modules...
         Starting Load Kernel Modules...
[    6.775114] systemd[1]: Mounting Huge Pages File System...
         Mounting Huge Pages File System...
[    6.778287] systemd[1]: Reached target Slices.
[[0;32m  OK  [0m] Reached target Slices.
[    6.781735] systemd[1]: Starting Uncomplicated firewall...
         Starting Uncomplicated firewall...
[    6.790467] systemd[1]: Mounting POSIX Message Queue File System...
[    6.792383] Loading iSCSI transport class v2.0-870.
         Mounting POSIX Message Queue File System...
[    6.796177] systemd[1]: Starting Create list of required static device nodes for the current kernel...
         Starting Create list of required st... nodes for the current kernel...
[    6.803348] systemd[1]: Created slice system-serial\x2dgetty.slice.
[[0;32m  OK  [0m] Created slice system-serial\x2dgetty.slice.
[    6.806706] systemd[1]: Listening on LVM2 poll daemon socket.
[[0;32m  OK  [0m] Listening on LVM2 poll daemon socket.
[    6.810657] systemd[1]: Reached target Encrypted Volumes.
[[0;32m  OK  [0m] Reached target Encrypted Volumes.
[    6.814621] systemd[1]: Starting Nameserver information manager...
[    6.816560] iscsi: registered transport (tcp)
         Starting Nameserver information manager...
[    6.819404] systemd[1]: Starting Set console keymap...
         Starting Set console keymap...
[    6.823301] systemd[1]: Started Trigger resolvconf update for networkd DNS.
[[0;32m  OK  [0m] Started Trigger resolvconf update for networkd DNS.
[    6.828199] systemd[1]: Listening on fsck to fsckd communication Socket.
[[0;32m  OK  [0m] Listening on fsck to fsckd communication Socket.
[    6.832291] systemd[1]: Starting File System Check on Root Device...
         Starting File System Check on Root Device...
[    6.845097] systemd[1]: Set up automount Arbitrary Executable File Formats File System Automount Point.
[[0;32m  OK  [0m] Set up automount Arbitrary Executab...ats File System Automount Point.
[    6.866755] systemd[1]: Mounted Huge Pages File System.
[    6.868579] iscsi: registered transport (iser)
[[0;32m  OK  [0m] Mounted Huge Pages File System.
[    6.870512] systemd[1]: Mounted POSIX Message Queue File System.
[[0;32m  OK  [0m] Mounted POSIX Message Queue File System.
[    6.873867] systemd[1]: Mounted Debug File System.
[[0;32m  OK  [0m] Mounted Debug File System.
[    6.881933] systemd[1]: Started Journal Service.
[[0;32m  OK  [0m] Started Journal Service.
[[0;32m  OK  [0m] Started Load Kernel Modules.
[[0;32m  OK  [0m] Started Uncomplicated firewall.
[[0;32m  OK  [0m] Started Create list of required sta...ce nodes for the current kernel.
[[0;32m  OK  [0m] Started Set console keymap.
[[0;32m  OK  [0m] Started File System Check on Root Device.
[[0;32m  OK  [0m] Started Nameserver information manager.
[[0;32m  OK  [0m] Started File System Check Daemon to report status.
[[0;32m  OK  [0m] Started LVM2 metadata daemon.
         Starting Remount Root and Kernel File Systems...
[    6.914015] EXT4-fs (sda1): re-mounted. Opts: (null)
         Starting Create Static Device Nodes in /dev...
         Mounting FUSE Control File System...
         Starting Apply Kernel Variables...
[[0;32m  OK  [0m] Started Remount Root and Kernel File Systems.
[[0;32m  OK  [0m] Mounted FUSE Control File System.
[[0;32m  OK  [0m] Started Apply Kernel Variables.
         Starting Load/Save Random Seed...
         Starting udev Coldplug all Devices...
         Starting Flush Journal to Persistent Storage...
[[0;32m  OK  [0m] Started Create Static Device Nodes in /dev.
         Starting udev Kernel Device Manager...
[[0;32m  OK  [0m] Started Load/Save Random Seed.
[[0;32m  OK  [0m] Started Flush Journal to Persistent Storage.
[[0;32m  OK  [0m] Started udev Kernel Device Manager.
[[0;32m  OK  [0m] Started udev Coldplug all Devices.
[[0;32m  OK  [0m] Started Dispatch Password Requests to Console Directory Watch.
[[0;32m  OK  [0m] Found device /dev/ttyS0.
[[0;32m  OK  [0m] Listening on Load/Save RF Kill Switch Status /dev/rfkill Watch.
[[0;32m  OK  [0m] Started Monitoring of LVM2 mirrors,...ng dmeventd or progress polling.
[[0;32m  OK  [0m] Reached target Local File Systems (Pre).
[[0;32m  OK  [0m] Reached target Local File Systems.
         Starting Set console font and keymap...
         Starting Commit a transient machine-id on disk...
         Starting Tell Plymouth To Write Out Runtime Data...
         Starting Initial cloud-init job (pre-networking)...
         Starting Create Volatile Files and Directories...
         Starting LSB: AppArmor initialization...
[[0;32m  OK  [0m] Started Commit a transient machine-id on disk.
[[0;32m  OK  [0m] Started Tell Plymouth To Write Out Runtime Data.
[[0;32m  OK  [0m] Started Create Volatile Files and Directories.
         Starting Update UTMP about System Boot/Shutdown...
[[0;32m  OK  [0m] Started Set console font and keymap.
[[0;32m  OK  [0m] Created slice system-getty.slice.
[[0;32m  OK  [0m] Started Update UTMP about System Boot/Shutdown.
[    8.865359] cloud-init[667]: Cloud-init v. 21.1-19-gbad84ad4-0ubuntu1~16.04.2 running 'init-local' at Thu, 26 May 2022 10:26:48 +0000. Up 8.44 seconds.
[[0;32m  OK  [0m] Started LSB: AppArmor initialization.
         Starting Load AppArmor profiles managed internally by snapd...
[[0;32m  OK  [0m] Started Initial cloud-init job (pre-networking).
[[0;32m  OK  [0m] Started Load AppArmor profiles managed internally by snapd.
[[0;32m  OK  [0m] Reached target Network (Pre).
         Starting Raise network interfaces...
[[0;32m  OK  [0m] Started Raise network interfaces.
[[0;32m  OK  [0m] Reached target Network.
         Starting Initial cloud-init job (metadata service crawler)...
[    9.820960] cloud-init[975]: Cloud-init v. 21.1-19-gbad84ad4-0ubuntu1~16.04.2 running 'init' at Thu, 26 May 2022 10:26:49 +0000. Up 9.32 seconds.
[    9.828462] cloud-init[975]: ci-info: ++++++++++++++++++++++++++++++++++++++Net device info+++++++++++++++++++++++++++++++++++++++
[    9.836424] cloud-init[975]: ci-info: +--------+-------+----------------------------+---------------+--------+-------------------+
[    9.838620] cloud-init[975]: ci-info: | Device |   Up  |          Address           |      Mask     | Scope  |     Hw-Address    |
[    9.840538] cloud-init[975]: ci-info: +--------+-------+----------------------------+---------------+--------+-------------------+
[    9.842654] cloud-init[975]: ci-info: | enp0s3 |  True |         10.0.2.15          | 255.255.255.0 | global | 02:be:82:6b:cc:1d |
[    9.844850] cloud-init[975]: ci-info: | enp0s3 |  True | fe80::be:82ff:fe6b:cc1d/64 |       .       |  link  | 02:be:82:6b:cc:1d |
[    9.846832] cloud-init[975]: ci-info: | enp0s8 | False |             .              |       .       |   .    | 08:00:27:47:41:25 |
[    9.848893] cloud-init[975]: ci-info: | enp0s9 | False |             .              |       .       |   .    | 08:00:27:7e:57:17 |
[    9.850864] cloud-init[975]: ci-info: |   lo   |  True |         127.0.0.1          |   255.0.0.0   |  host  |         .         |
[    9.852930] cloud-init[975]: ci-info: |   lo   |  True |          ::1/128           |       .       |  host  |         .         |
[    9.855052] cloud-init[975]: ci-info: +--------+-------+----------------------------+---------------+--------+-------------------+
[    9.857270] cloud-init[975]: ci-info: +++++++++++++++++++++++++++Route IPv4 info++++++++++++++++++++++++++++[[0;32m  OK  [0m] Started Initial cloud-init job (metadata service crawler).
[[0;32m  OK  [0m] Reached target Cloud-config availability.
[[0;32m  OK  [0m] Reached target System Initialization.
[[0;32m  OK  [0m] Started Ubuntu Advantage update messaging.
[[0;32m  OK  [0m] Started Daily Cleanup of Temporary Directories.
[[0;32m  OK  [0m] Started Daily apt download activities.
[[0;32m  OK  [0m] Listening on D-Bus System Message Bus Socket.
[[0;32m  OK  [0m] Started Message of the Day.

[    9.864255]          cloud-initStarting LXD - unix socket.[975]: 
ci-info: +-------+-------------+----------+---------------+-----------+-------+
[    9.866116] [[0;32m  OK  [0m] Listening on ACPID Listen Socket.
         Starting Socket activation for snappy daemon.
[[0;32m  OK  [0m] Listening on UUID daemon activation socket.
cloud-init[975]: ci-info: | Route | Destination | Gateway  |    Genmask    | Interface | Flags |[[0;32m  OK  [0m] Started ACPI Events Check.
[[0;32m  OK  [0m] Reached target Paths.
[[0;32m  OK  [0m] Started Daily apt upgrade and clean activities.
[[0;32m  OK  [0m] Reached target Timers.
[[0;32m  OK  [0m] Reached target Network is Online.

[    9.872323] cloud-init[975]: ci-info: +-------+-------------+----------+---------------+-----------+-------+
[    9.873751] cloud-init[975]: ci-info: |   0   |   0.0.0.0   | 10.0.2.2 |    0.0.0.0    |   enp0s3  |   UG  |
[    9.875188] cloud-init[975]: ci-info: |   1   |   10.0.2.0  | 0.0.0.0  | 255.255.255.0 |   enp0s3  |   U   |
[    9.876584] cloud-init[975]: ci-info: +-------+-------------+----------+---------------+-----------+-------+
[    9.877940] cloud-init[975]: ci-info: +++++++++++++++++++Route IPv6 info+++++++++++++++++++
[    9.879260] cloud-init[975]: ci-info: +-------+-------------+---------+-----------+-------+         Starting iSCSI initiator daemon (iscsid)...

[[0;32m  OK  [0m] Listening on LXD - unix socket.
[    9.881829] [[0;32m  OK  [0m] Listening on Socket activation for snappy daemon.
[[0;32m  OK  [0m] Reached target Sockets.
[[0;32m  OK  [0m] Reached target Basic System.
cloud-init[[0;32m  OK  [0m] Started D-Bus System Message Bus.
[975]: ci-info: | Route | Destination | Gateway | Interface | Flags |
[    9.886319] cloud-init[975]: ci-info: +-------+-------------+---------+-----------+-------+
[    9.887360] cloud-init[975]: ci-info: |   0   |  fe80::/64  |    ::   |   enp0s3  |   U   |
[    9.888644] cloud-init[975]: ci-info: |   3   |   ff00::/8  |    ::   |   enp0s3  |   U   |
[    9.890028] cloud-init[975]: ci-info: +-------+-------------+---------+-----------+-------+
[    9.891496] cloud-init[975]: Generating public/private rsa key pair.
[    9.894120] cloud-init[975]: Your identification has been saved in /etc/ssh/ssh_host_rsa_key.
[    9.895493] cloud-init[975]: Your public key has been saved in /etc/ssh/ssh_host_rsa_key.pub.
[    9.896796] cloud-init[975]: The key fingerprint is:
[    9.898069] cloud-init[975]: SHA256:FB25pU+jFGVDH3e1b93j1Ce+IBCKvYgdk/kPuR8Fi/8 root@ubuntu-xenial
[    9.899967] cloud-init[975]: The key's randomart image is:
[    9.901157] cloud-init[975]: +---[RSA 2048]----+
[    9.902165] cloud-init[975]: |        ...== . =|
[    9.903171] cloud-init[975]: |         .+..o oo|
[    9.904164] cloud-init[975]: |        +  =  .. |
[    9.905057] cloud-init[975]: |     = + ++ o   =|
[    9.905973] cloud-init[975]: |    * + S..+ ..oB|
[    9.906903] cloud-init[975]: |   o = + o. ..ooo|
[    9.907866] cloud-init[975]: |  . o = o . . .. |
[    9.908904] cloud-init[975]: |       + o . . . |
[    9.911089] cloud-init[975]: |      ..o E   .  |
[    9.911827] cloud-init[975]: +----[SHA256]-----+
[    9.912573] cloud-init[975]: Generating public/private dsa key pair.
[    9.913615] cloud-init[975]: Your identification has been saved in /etc/ssh/ssh_host_dsa_key.
[    9.914758] cloud-init[975]: Your public key has been saved in /etc/ssh/ssh_host_dsa_key.pub.
[    9.918083]          Starting Virtualbox guest utils...
cloud-init         Starting LXD - container startup/shutdown...
[975]:          The key fingerprint is:Starting Pollinate to seed the pseudo random number generator...

[    9.922454] cloud-init[975]: SHA256:eSROEvSs9MOyGdX8N3/9rm9KQVYmfkQh1WQC/hCqMVY root@ubuntu-xenial         Starting System Logging Service...
         Starting LSB: MD monitoring daemon...
[[0;32m  OK  [0m] Started FUSE filesystem for LXC.
         Starting LSB: Record successful boot for GRUB...

         Starting Login Service...
         Starting /etc/rc.local Compatibility...
         Starting Snap Daemon...
[[0;32m  OK  [0m] Started Deferred execution scheduler.
[[0;32m  OK  [0m] Started ACPI event daemon.
         Starting Accounts Service...
[    9.928046] cloud-init[975]: The key's randomart image is:
[[0;32m  OK  [0m] Started Regular background program processing daemon.
[    9.947904] cloud-init[975]: +---[DSA 1024]----+[[0;32m  OK  [0m] Started /etc/rc.local Compatibility.

[    9.951231] cloud-init[975]: |     .o   E oo+=X|
[    9.955159] cloud-init[[0;32m  OK  [0m] Started iSCSI initiator daemon (iscsid).
[975]: |       + + o o.B.|
[    9.957103] cloud-init[975]: |      o X = o + .|
[    9.958428] cloud-init[975]: |     . X B . = . |         Starting Login to default iSCSI targets...

[    9.961530] cloud-init[975]: |      + S . . =  |
[    9.963367] cloud-init[975]: |       = o   . +.|
[[0;32m  OK  [0m] Started Login Service.
[    9.975851] [[0;32m  OK  [0m] Started Unattended Upgrades Shutdown.
cloud-init[975]: [[0;32m  OK  [0m] Started LSB: Record successful boot for GRUB.
|      o       . +|
[    9.981251] cloud-init[975]: |             .  +|
[    9.982701] cloud-init[975]: |              o*+|
[   10.004017] cloud-init[975]: +----[SHA256]-----+
[   10.005370] cloud-init[975]: Generating public/private ecdsa key pair.
[   10.010719] cloud-init[975]: Your identification has been saved in /etc/ssh/ssh_host_ecdsa_key.
[   10.012109] cloud-init[975]: Your public key has been saved in /etc/ssh/ssh_host_ecdsa_key.pub.
[[0;32m  OK  [0m] Started System Logging Service.
[   10.020192] cloud-init[975]: The key fingerprint is:
[   10.021140] cloud-init[975]: SHA256:7L1sCng0MrN0htf04elc4gfQ0sPvVff7T8smyKp8Gz8 root@ubuntu-xenial
[   10.025736] cloud-init[975]: The key's randomart image is:
[   10.026868] cloud-init[975]: +---[ECDSA 256]---+
[   10.027810] cloud-init[975]: |                 |
[   10.038143] cloud-init[975]: |         +       |
[   10.039094] cloud-init[975]: |        + *     o|
[   10.052374] [cloud-init[0;32m  OK  [0m[975]: ] |     . + = =   .o|Started Login to default iSCSI targets.

[[0;32m  OK  [0m] Reached target Remote File Systems (Pre).
[[0;32m  OK  [0m] Reached target Remote File Systems.
[   10.055525] cloud-init[975]: |    * * S * o . .|
         Starting LSB: automatic crash report generation...
[   10.091576] cloud-init[975]: |   . @ o = = .  .|
         Starting Permit User Sessions...
         Starting LSB: daemon to balance interrupts for SMP systems...
         Starting LSB: Set the CPU Frequency Scaling governor to "ondemand"...
[[0;32m  OK  [0m] Started LSB: MD monitoring daemon.
[   10.103911] cloud-init[975]: |    o o ..* +  ..|
         Starting Authenticate and Authorize Users to Run Privileged Tasks...
[   10.119721] cloud-init[975]: |     ... o+E ..oo|
[   10.121516] cloud-init[975]: |       o+==.. oo+|
[[0;32m  OK  [0m] Started Permit User Sessions.
[   10.129672] [[0;32m  OK  [0m] Started LXD - container startup/shutdown.
cloud-init[975]: +----[SHA256]-----+
         Starting Terminate Plymouth Boot Screen...
[   10.135350]          Starting Hold until boot process finishes up...
cloud-init[975]: Generating public/private ed25519 key pair.
[   10.140271] cloud-init[975]: Your identification has been saved in /etc/ssh/ssh_host_ed25519_key.
[[0;32m  OK  [0m] Started Hold until boot process finishes up.
         Starting Set console scheme...
[[0;32m  OK  [0m] Started Getty on tty1.
[[0;32m  OK  [0m] Started Serial Getty on ttyS0.
[[0;32m  OK  [0m] Reached target Login Prompts.
[[0;32m  OK  [0m] Started Terminate Plymouth Boot Screen.
[[0;32m  OK  [0m] Started Set console scheme.
[   10.156531] cloud-init[975]: Your public key has been saved in /etc/ssh/ssh_host_ed25519_key.pub.
[   10.180816] [[0;32m  OK  [0m] Started Authenticate and Authorize Users to Run Privileged Tasks.
cloud-init[975]: [[0;32m  OK  [0m] Started Accounts Service.
The key fingerprint is:
[[0;32m  OK  [0m] Started LSB: Set the CPU Frequency Scaling governor to "ondemand".
[   10.196522] [[0;32m  OK  [0m] Started LSB: automatic crash report generation.
cloud-init[975]: SHA256:4cNtfiZ7i7aF+LK9ADLwPoI/W+3qlXJTtOMYUE9cYsI root@ubuntu-xenial
[   10.200278] cloud-init[975]: The key's randomart image is:
[   10.202336] cloud-init[975]: +--[ED25519 256]--+
[   10.203713] cloud-init[975]: |     .o.+..      |
[   10.207615] [[0;32m  OK  [0m] Started LSB: daemon to balance interrupts for SMP systems.
cloud-init[975]: |     .E=..       |
[[0;32m  OK  [0m] Started Virtualbox guest utils.
[   10.212798] cloud-init[975]: |  . .   +        |
[   10.218333] cloud-init[975]: |   o . + +       |
[   10.221320] cloud-init[975]: |    + o S o      |
[   10.225892] cloud-init[975]: | . . + B * .     |
[   10.227366] cloud-init[975]: |. . = B + + +    |
[   10.230266] cloud-init[975]: | ..o * ..+.B.    |
[   10.235917] cloud-init[975]: |  o+o.. .+B+..   |
[   10.238992] cloud-init[975]: +----[SHA256]-----+
[[0;32m  OK  [0m] Started Snap Daemon.
         Starting Wait until snapd is fully seeded...
[[0;32m  OK  [0m] Started Pollinate to seed the pseudo random number generator.
         Starting OpenBSD Secure Shell server...
[[0;32m  OK  [0m] Started OpenBSD Secure Shell server.
[[0;32m  OK  [0m] Created slice User Slice of vagrant.
         Starting User Manager for UID 1000...
[[0;32m  OK  [0m] Started Session 1 of user vagrant.
[[0;32m  OK  [0m] Started User Manager for UID 1000.
[[0;32m  OK  [0m] Started Wait until snapd is fully seeded.
[[0;32m  OK  [0m] Reached target Multi-User System.
[[0;32m  OK  [0m] Reached target Graphical Interface.
         Starting Update UTMP about System Runlevel Changes...
         Starting Apply the settings specified in cloud-config...
[[0;32m  OK  [0m] Started Update UTMP about System Runlevel Changes.
[   13.352973] cloud-init[1404]: Generating locales (this might take a while)...
[   14.205919] cloud-init[1404]:   en_US.UTF-8... done
[   14.212416] cloud-init[1404]: Generation complete.
[   14.543250] cloud-init[1404]: Cloud-init v. 21.1-19-gbad84ad4-0ubuntu1~16.04.2 running 'modules:config' at Thu, 26 May 2022 10:26:52 +0000. Up 13.19 seconds.
[[0;32m  OK  [0m] Started Apply the settings specified in cloud-config.
         Starting Execute cloud user/final scripts...
ci-info: no authorized SSH keys fingerprints found for user ubuntu.
<14>May 26 10:26:54 ec2: 
<14>May 26 10:26:54 ec2: #############################################################
<14>May 26 10:26:54 ec2: -----BEGIN SSH HOST KEY FINGERPRINTS-----
<14>May 26 10:26:54 ec2: 1024 SHA256:eSROEvSs9MOyGdX8N3/9rm9KQVYmfkQh1WQC/hCqMVY root@ubuntu-xenial (DSA)
<14>May 26 10:26:54 ec2: 256 SHA256:7L1sCng0MrN0htf04elc4gfQ0sPvVff7T8smyKp8Gz8 root@ubuntu-xenial (ECDSA)
<14>May 26 10:26:54 ec2: 256 SHA256:4cNtfiZ7i7aF+LK9ADLwPoI/W+3qlXJTtOMYUE9cYsI root@ubuntu-xenial (ED25519)
<14>May 26 10:26:54 ec2: 2048 SHA256:FB25pU+jFGVDH3e1b93j1Ce+IBCKvYgdk/kPuR8Fi/8 root@ubuntu-xenial (RSA)
<14>May 26 10:26:54 ec2: -----END SSH HOST KEY FINGERPRINTS-----
<14>May 26 10:26:54 ec2: #############################################################
-----BEGIN SSH HOST KEY KEYS-----
ecdsa-sha2-nistp256 AAAAE2VjZHNhLXNoYTItbmlzdHAyNTYAAAAIbmlzdHAyNTYAAABBBLxpVcpDZ3K1bt9IKJnoW5HKqSZwoAsEbe0syF9DlIPWf6fCXV6nt/pM21eWoHhxJc31ehqrOWJEOyPsbWwIqUc= root@ubuntu-xenial
ssh-ed25519 AAAAC3NzaC1lZDI1NTE5AAAAIInzqkJjydaBFb83AJ7cyqnfn/EUJWx9n9HUJ9/xvYP8 root@ubuntu-xenial
ssh-rsa AAAAB3NzaC1yc2EAAAADAQABAAABAQCngCJI01aSzr8wJUTCvjoUbB8IoEnYMmMNma8UAI0M0grGOZtY5Y4rUozK2hDmtk8w1fXYVB8OCrSZGy4dx9YqfyurYDgkL5Jo2NF1UVFf3/UxvIWKHaC0tPEkG4GHppn7PcqtSulNAMbAUWnLytYLTCeekoCCHmdHIt5NLEZkNOq0rcsj/6FWMR01Zo55Ls6UNohJIc0ZD8xGyCPzjXHsm5j78DjkgyC2xB9clmjkI6a+nGbJAo8ii4BF6hzVEfpQ4urUVKmo+yQTpPrNG/ZAz/iMDgCj7ydPuPPerFiyWziJgYivXf5gR0rs78X5Lg71lmlx7Ts3i1E98QzK14wh root@ubuntu-xenial
-----END SSH HOST KEY KEYS-----
[   15.012814] cloud-init[1558]: Cloud-init v. 21.1-19-gbad84ad4-0ubuntu1~16.04.2 running 'modules:final' at Thu, 26 May 2022 10:26:54 +0000. Up 14.88 seconds.
[   15.014941] cloud-init[1558]: ci-info: no authorized SSH keys fingerprints found for user ubuntu.
[   15.016708] cloud-init[1558]: Cloud-init v. 21.1-19-gbad84ad4-0ubuntu1~16.04.2 finished at Thu, 26 May 2022 10:26:54 +0000. Datasource DataSourceNoCloud [seed=/dev/sdb][dsmode=net].  Up 15.00 seconds
[[0;32m  OK  [0m] Started Execute cloud user/final scripts.
[[0;32m  OK  [0m] Reached target Cloud-init target.

Ubuntu 16.04.7 LTS ubuntu-xenial ttyS0

ubuntu-xenial login: 